[INFO ] 2015-07-18 23:34:22,399 -- Dataset: ...ating_datasets/Arts.votes_train.txt
[DEBUG] 2015-07-18 23:34:23,310 -- With Specs: {Users, Items, Ratings} = {19523, 3801, 22321}, Scale = {1.0,2.0,3.0,4.0,5.0}
[INFO ] 2015-07-18 23:34:23,804 -- With Setup: test-set -f ../../data/rating_datasets/Arts.votes_test.txt
[INFO ] 2015-07-18 23:34:23,807 -- Dataset: ...rating_datasets/Arts.votes_test.txt
[DEBUG] 2015-07-18 23:34:23,904 -- With Specs: {Users, Items, Ratings} = {21764, 4019, 2793}, Scale = {1.0,2.0,3.0,4.0,5.0}
[DEBUG] 2015-07-18 23:34:24,352 -- BPMF: [factors, iters] = [5, 200]
[DEBUG] 2015-07-18 23:34:25,079 -- BPMF iter 1: loss = 4837.3335, delta_loss = -4837.3335
[DEBUG] 2015-07-18 23:34:25,515 -- BPMF iter 2: loss = 4935.952, delta_loss = -98.61831
[DEBUG] 2015-07-18 23:34:25,951 -- BPMF iter 3: loss = 5058.3525, delta_loss = -122.40053
[DEBUG] 2015-07-18 23:34:26,375 -- BPMF iter 4: loss = 5092.6406, delta_loss = -34.28823
[DEBUG] 2015-07-18 23:34:26,805 -- BPMF iter 5: loss = 5173.216, delta_loss = -80.575264
[DEBUG] 2015-07-18 23:34:27,266 -- BPMF iter 6: loss = 5178.8203, delta_loss = -5.6043496
[DEBUG] 2015-07-18 23:34:27,780 -- BPMF iter 7: loss = 5109.0244, delta_loss = 69.79601
[DEBUG] 2015-07-18 23:34:28,225 -- BPMF iter 8: loss = 5196.2915, delta_loss = -87.26745
[DEBUG] 2015-07-18 23:34:28,673 -- BPMF iter 9: loss = 5153.527, delta_loss = 42.764618
[DEBUG] 2015-07-18 23:34:29,188 -- BPMF iter 10: loss = 5284.6865, delta_loss = -131.15924
[DEBUG] 2015-07-18 23:34:29,703 -- BPMF iter 11: loss = 5180.4707, delta_loss = 104.21549
[DEBUG] 2015-07-18 23:34:30,223 -- BPMF iter 12: loss = 5280.021, delta_loss = -99.550224
[DEBUG] 2015-07-18 23:34:30,717 -- BPMF iter 13: loss = 5199.0405, delta_loss = 80.98039
[DEBUG] 2015-07-18 23:34:31,298 -- BPMF iter 14: loss = 5160.9956, delta_loss = 38.045258
[DEBUG] 2015-07-18 23:34:31,894 -- BPMF iter 15: loss = 5207.6504, delta_loss = -46.655136
[DEBUG] 2015-07-18 23:34:32,381 -- BPMF iter 16: loss = 5250.6724, delta_loss = -43.021976
[DEBUG] 2015-07-18 23:34:32,855 -- BPMF iter 17: loss = 5119.4106, delta_loss = 131.26189
[DEBUG] 2015-07-18 23:34:33,383 -- BPMF iter 18: loss = 5204.7524, delta_loss = -85.34185
[DEBUG] 2015-07-18 23:34:33,876 -- BPMF iter 19: loss = 5131.6655, delta_loss = 73.08673
[DEBUG] 2015-07-18 23:34:34,362 -- BPMF iter 20: loss = 5179.6675, delta_loss = -48.001522
[DEBUG] 2015-07-18 23:34:34,795 -- BPMF iter 21: loss = 5156.125, delta_loss = 23.542082
[DEBUG] 2015-07-18 23:34:35,218 -- BPMF iter 22: loss = 5140.384, delta_loss = 15.741205
[DEBUG] 2015-07-18 23:34:35,670 -- BPMF iter 23: loss = 5096.0425, delta_loss = 44.341404
[DEBUG] 2015-07-18 23:34:36,146 -- BPMF iter 24: loss = 5180.4546, delta_loss = -84.411804
[DEBUG] 2015-07-18 23:34:36,638 -- BPMF iter 25: loss = 5101.0337, delta_loss = 79.42076
[DEBUG] 2015-07-18 23:34:37,154 -- BPMF iter 26: loss = 5099.5576, delta_loss = 1.4761473
[DEBUG] 2015-07-18 23:34:37,633 -- BPMF iter 27: loss = 5093.2246, delta_loss = 6.3326306
[DEBUG] 2015-07-18 23:34:38,112 -- BPMF iter 28: loss = 5110.0894, delta_loss = -16.864431
[DEBUG] 2015-07-18 23:34:38,646 -- BPMF iter 29: loss = 5108.985, delta_loss = 1.1042602
[DEBUG] 2015-07-18 23:34:39,156 -- BPMF iter 30: loss = 5052.817, delta_loss = 56.168156
[DEBUG] 2015-07-18 23:34:39,720 -- BPMF iter 31: loss = 5112.7695, delta_loss = -59.952656
[DEBUG] 2015-07-18 23:34:40,050 -- BPMF iter 32: loss = 5104.379, delta_loss = 8.390372
[DEBUG] 2015-07-18 23:34:40,381 -- BPMF iter 33: loss = 5099.072, delta_loss = 5.3075223
[DEBUG] 2015-07-18 23:34:40,700 -- BPMF iter 34: loss = 5116.111, delta_loss = -17.039244
[DEBUG] 2015-07-18 23:34:40,991 -- BPMF iter 35: loss = 5142.8413, delta_loss = -26.730555
[DEBUG] 2015-07-18 23:34:41,291 -- BPMF iter 36: loss = 5209.8154, delta_loss = -66.97418
[DEBUG] 2015-07-18 23:34:41,606 -- BPMF iter 37: loss = 5131.124, delta_loss = 78.691666
[DEBUG] 2015-07-18 23:34:41,947 -- BPMF iter 38: loss = 5050.054, delta_loss = 81.069855
[DEBUG] 2015-07-18 23:34:42,299 -- BPMF iter 39: loss = 5120.5522, delta_loss = -70.49826
[DEBUG] 2015-07-18 23:34:42,619 -- BPMF iter 40: loss = 5126.0845, delta_loss = -5.532013
[DEBUG] 2015-07-18 23:34:43,006 -- BPMF iter 41: loss = 5111.6157, delta_loss = 14.468658
[DEBUG] 2015-07-18 23:34:43,452 -- BPMF iter 42: loss = 5059.921, delta_loss = 51.695038
[DEBUG] 2015-07-18 23:34:43,894 -- BPMF iter 43: loss = 5069.4463, delta_loss = -9.525668
[DEBUG] 2015-07-18 23:34:44,232 -- BPMF iter 44: loss = 5103.3853, delta_loss = -33.93915
[DEBUG] 2015-07-18 23:34:44,605 -- BPMF iter 45: loss = 5021.4785, delta_loss = 81.9072
[DEBUG] 2015-07-18 23:34:44,924 -- BPMF iter 46: loss = 5235.06, delta_loss = -213.5817
[DEBUG] 2015-07-18 23:34:45,314 -- BPMF iter 47: loss = 5124.6445, delta_loss = 110.41569
[DEBUG] 2015-07-18 23:34:45,626 -- BPMF iter 48: loss = 5100.1924, delta_loss = 24.451727
[DEBUG] 2015-07-18 23:34:45,963 -- BPMF iter 49: loss = 5197.311, delta_loss = -97.11867
[DEBUG] 2015-07-18 23:34:46,288 -- BPMF iter 50: loss = 5135.2124, delta_loss = 62.09872
[DEBUG] 2015-07-18 23:34:46,612 -- BPMF iter 51: loss = 5154.1885, delta_loss = -18.976187
[DEBUG] 2015-07-18 23:34:46,911 -- BPMF iter 52: loss = 5127.292, delta_loss = 26.896572
[DEBUG] 2015-07-18 23:34:47,222 -- BPMF iter 53: loss = 5200.7563, delta_loss = -73.46411
[DEBUG] 2015-07-18 23:34:47,547 -- BPMF iter 54: loss = 5020.9663, delta_loss = 179.78975
[DEBUG] 2015-07-18 23:34:47,852 -- BPMF iter 55: loss = 5093.3955, delta_loss = -72.429054
[DEBUG] 2015-07-18 23:34:48,167 -- BPMF iter 56: loss = 5023.791, delta_loss = 69.60472
[DEBUG] 2015-07-18 23:34:48,479 -- BPMF iter 57: loss = 5131.933, delta_loss = -108.14221
[DEBUG] 2015-07-18 23:34:48,814 -- BPMF iter 58: loss = 5044.808, delta_loss = 87.12475
[DEBUG] 2015-07-18 23:34:49,157 -- BPMF iter 59: loss = 5058.2065, delta_loss = -13.398285
[DEBUG] 2015-07-18 23:34:49,482 -- BPMF iter 60: loss = 5105.503, delta_loss = -47.296425
[DEBUG] 2015-07-18 23:34:49,784 -- BPMF iter 61: loss = 5178.3306, delta_loss = -72.82747
[DEBUG] 2015-07-18 23:34:50,094 -- BPMF iter 62: loss = 5107.793, delta_loss = 70.537384
[DEBUG] 2015-07-18 23:34:50,383 -- BPMF iter 63: loss = 5162.2085, delta_loss = -54.415222
[DEBUG] 2015-07-18 23:34:50,681 -- BPMF iter 64: loss = 5092.125, delta_loss = 70.08344
[DEBUG] 2015-07-18 23:34:50,997 -- BPMF iter 65: loss = 5084.8496, delta_loss = 7.275076
[DEBUG] 2015-07-18 23:34:51,331 -- BPMF iter 66: loss = 5044.2563, delta_loss = 40.593506
[DEBUG] 2015-07-18 23:34:51,646 -- BPMF iter 67: loss = 5100.858, delta_loss = -56.601727
[DEBUG] 2015-07-18 23:34:51,996 -- BPMF iter 68: loss = 5094.9985, delta_loss = 5.8594255
[DEBUG] 2015-07-18 23:34:52,317 -- BPMF iter 69: loss = 5137.441, delta_loss = -42.44213
[DEBUG] 2015-07-18 23:34:52,681 -- BPMF iter 70: loss = 5025.188, delta_loss = 112.2528
[DEBUG] 2015-07-18 23:34:53,041 -- BPMF iter 71: loss = 5115.9717, delta_loss = -90.78381
[DEBUG] 2015-07-18 23:34:53,424 -- BPMF iter 72: loss = 5114.4795, delta_loss = 1.4923865
[DEBUG] 2015-07-18 23:34:53,800 -- BPMF iter 73: loss = 5151.6943, delta_loss = -37.21507
[DEBUG] 2015-07-18 23:34:54,140 -- BPMF iter 74: loss = 5013.869, delta_loss = 137.82513
[DEBUG] 2015-07-18 23:34:54,585 -- BPMF iter 75: loss = 5105.2197, delta_loss = -91.35036
[DEBUG] 2015-07-18 23:34:55,062 -- BPMF iter 76: loss = 5123.07, delta_loss = -17.85039
[DEBUG] 2015-07-18 23:34:55,548 -- BPMF iter 77: loss = 5086.1187, delta_loss = 36.95138
[DEBUG] 2015-07-18 23:34:56,241 -- BPMF iter 78: loss = 5085.235, delta_loss = 0.88369143
[DEBUG] 2015-07-18 23:34:56,645 -- BPMF iter 79: loss = 5108.9907, delta_loss = -23.755949
[DEBUG] 2015-07-18 23:34:57,077 -- BPMF iter 80: loss = 5180.1587, delta_loss = -71.167915
[DEBUG] 2015-07-18 23:34:57,424 -- BPMF iter 81: loss = 5162.0273, delta_loss = 18.131542
[DEBUG] 2015-07-18 23:34:57,775 -- BPMF iter 82: loss = 5150.143, delta_loss = 11.884148
[DEBUG] 2015-07-18 23:34:58,076 -- BPMF iter 83: loss = 5127.715, delta_loss = 22.428425
[DEBUG] 2015-07-18 23:34:58,396 -- BPMF iter 84: loss = 5106.2427, delta_loss = 21.472084
[DEBUG] 2015-07-18 23:34:58,709 -- BPMF iter 85: loss = 5139.5454, delta_loss = -33.30259
[DEBUG] 2015-07-18 23:34:59,013 -- BPMF iter 86: loss = 5108.0005, delta_loss = 31.544464
[DEBUG] 2015-07-18 23:34:59,335 -- BPMF iter 87: loss = 5105.767, delta_loss = 2.233765
[DEBUG] 2015-07-18 23:34:59,650 -- BPMF iter 88: loss = 5148.086, delta_loss = -42.319077
[DEBUG] 2015-07-18 23:34:59,949 -- BPMF iter 89: loss = 5044.1567, delta_loss = 103.92914
[DEBUG] 2015-07-18 23:35:00,270 -- BPMF iter 90: loss = 5083.6357, delta_loss = -39.478596
[DEBUG] 2015-07-18 23:35:00,644 -- BPMF iter 91: loss = 5192.049, delta_loss = -108.41356
[DEBUG] 2015-07-18 23:35:00,982 -- BPMF iter 92: loss = 5176.725, delta_loss = 15.323962
[DEBUG] 2015-07-18 23:35:01,294 -- BPMF iter 93: loss = 5101.0396, delta_loss = 75.68563
[DEBUG] 2015-07-18 23:35:01,598 -- BPMF iter 94: loss = 5102.572, delta_loss = -1.5321866
[DEBUG] 2015-07-18 23:35:01,934 -- BPMF iter 95: loss = 5078.5825, delta_loss = 23.989332
[DEBUG] 2015-07-18 23:35:02,270 -- BPMF iter 96: loss = 5112.274, delta_loss = -33.69161
[DEBUG] 2015-07-18 23:35:02,616 -- BPMF iter 97: loss = 5067.436, delta_loss = 44.83799
[DEBUG] 2015-07-18 23:35:02,920 -- BPMF iter 98: loss = 5048.3354, delta_loss = 19.100592
[DEBUG] 2015-07-18 23:35:03,233 -- BPMF iter 99: loss = 5088.1904, delta_loss = -39.855064
[DEBUG] 2015-07-18 23:35:03,530 -- BPMF iter 100: loss = 5081.303, delta_loss = 6.8874264
[DEBUG] 2015-07-18 23:35:03,937 -- BPMF iter 101: loss = 5150.3535, delta_loss = -69.05056
[DEBUG] 2015-07-18 23:35:04,300 -- BPMF iter 102: loss = 5205.273, delta_loss = -54.9194
[DEBUG] 2015-07-18 23:35:04,630 -- BPMF iter 103: loss = 5195.503, delta_loss = 9.769947
[DEBUG] 2015-07-18 23:35:05,017 -- BPMF iter 104: loss = 5054.392, delta_loss = 141.11069
[DEBUG] 2015-07-18 23:35:05,432 -- BPMF iter 105: loss = 5187.45, delta_loss = -133.05783
[DEBUG] 2015-07-18 23:35:05,775 -- BPMF iter 106: loss = 5106.2417, delta_loss = 81.20861
[DEBUG] 2015-07-18 23:35:06,093 -- BPMF iter 107: loss = 5126.2104, delta_loss = -19.969002
[DEBUG] 2015-07-18 23:35:06,479 -- BPMF iter 108: loss = 5135.7974, delta_loss = -9.586667
[DEBUG] 2015-07-18 23:35:06,978 -- BPMF iter 109: loss = 5140.5747, delta_loss = -4.777671
[DEBUG] 2015-07-18 23:35:07,354 -- BPMF iter 110: loss = 5092.0327, delta_loss = 48.54206
[DEBUG] 2015-07-18 23:35:07,766 -- BPMF iter 111: loss = 5110.6455, delta_loss = -18.612549
[DEBUG] 2015-07-18 23:35:08,287 -- BPMF iter 112: loss = 5162.6133, delta_loss = -51.9678
[DEBUG] 2015-07-18 23:35:08,647 -- BPMF iter 113: loss = 5049.831, delta_loss = 112.78229
[DEBUG] 2015-07-18 23:35:09,073 -- BPMF iter 114: loss = 5101.8193, delta_loss = -51.988636
[DEBUG] 2015-07-18 23:35:09,480 -- BPMF iter 115: loss = 5067.2656, delta_loss = 34.55402
[DEBUG] 2015-07-18 23:35:10,094 -- BPMF iter 116: loss = 5122.9473, delta_loss = -55.68172
[DEBUG] 2015-07-18 23:35:10,512 -- BPMF iter 117: loss = 5115.1704, delta_loss = 7.7768426
[DEBUG] 2015-07-18 23:35:10,818 -- BPMF iter 118: loss = 5179.5605, delta_loss = -64.39039
[DEBUG] 2015-07-18 23:35:11,139 -- BPMF iter 119: loss = 5101.423, delta_loss = 78.137794
[DEBUG] 2015-07-18 23:35:11,444 -- BPMF iter 120: loss = 5167.099, delta_loss = -65.676315
[DEBUG] 2015-07-18 23:35:11,750 -- BPMF iter 121: loss = 5063.8696, delta_loss = 103.22951
[DEBUG] 2015-07-18 23:35:12,035 -- BPMF iter 122: loss = 5099.4214, delta_loss = -35.551846
[DEBUG] 2015-07-18 23:35:12,341 -- BPMF iter 123: loss = 5174.699, delta_loss = -75.27749
[DEBUG] 2015-07-18 23:35:12,633 -- BPMF iter 124: loss = 5114.4146, delta_loss = 60.284733
[DEBUG] 2015-07-18 23:35:12,927 -- BPMF iter 125: loss = 5091.005, delta_loss = 23.409445
[DEBUG] 2015-07-18 23:35:13,272 -- BPMF iter 126: loss = 5124.052, delta_loss = -33.04703
[DEBUG] 2015-07-18 23:35:13,655 -- BPMF iter 127: loss = 5200.022, delta_loss = -75.969955
[DEBUG] 2015-07-18 23:35:13,993 -- BPMF iter 128: loss = 5123.8423, delta_loss = 76.179756
[DEBUG] 2015-07-18 23:35:14,384 -- BPMF iter 129: loss = 5129.3438, delta_loss = -5.501649
[DEBUG] 2015-07-18 23:35:14,771 -- BPMF iter 130: loss = 5097.7627, delta_loss = 31.581236
[DEBUG] 2015-07-18 23:35:15,116 -- BPMF iter 131: loss = 5038.067, delta_loss = 59.69553
[DEBUG] 2015-07-18 23:35:15,427 -- BPMF iter 132: loss = 5099.8506, delta_loss = -61.783714
[DEBUG] 2015-07-18 23:35:15,731 -- BPMF iter 133: loss = 5180.126, delta_loss = -80.2751
[DEBUG] 2015-07-18 23:35:16,028 -- BPMF iter 134: loss = 5119.9863, delta_loss = 60.139458
[DEBUG] 2015-07-18 23:35:16,316 -- BPMF iter 135: loss = 5103.995, delta_loss = 15.991042
[DEBUG] 2015-07-18 23:35:16,607 -- BPMF iter 136: loss = 5106.671, delta_loss = -2.6757796
[DEBUG] 2015-07-18 23:35:16,878 -- BPMF iter 137: loss = 5151.744, delta_loss = -45.073105
[DEBUG] 2015-07-18 23:35:17,166 -- BPMF iter 138: loss = 5190.35, delta_loss = -38.605804
[DEBUG] 2015-07-18 23:35:17,457 -- BPMF iter 139: loss = 5138.6416, delta_loss = 51.708385
[DEBUG] 2015-07-18 23:35:17,738 -- BPMF iter 140: loss = 5029.0635, delta_loss = 109.578156
[DEBUG] 2015-07-18 23:35:18,035 -- BPMF iter 141: loss = 5122.178, delta_loss = -93.11468
[DEBUG] 2015-07-18 23:35:18,330 -- BPMF iter 142: loss = 5025.2314, delta_loss = 96.946915
[DEBUG] 2015-07-18 23:35:18,607 -- BPMF iter 143: loss = 5108.614, delta_loss = -83.38238
[DEBUG] 2015-07-18 23:35:18,886 -- BPMF iter 144: loss = 5105.827, delta_loss = 2.7863333
[DEBUG] 2015-07-18 23:35:19,188 -- BPMF iter 145: loss = 5051.139, delta_loss = 54.688393
[DEBUG] 2015-07-18 23:35:19,472 -- BPMF iter 146: loss = 5102.5073, delta_loss = -51.368176
[DEBUG] 2015-07-18 23:35:19,778 -- BPMF iter 147: loss = 5099.845, delta_loss = 2.661906
[DEBUG] 2015-07-18 23:35:20,089 -- BPMF iter 148: loss = 5130.79, delta_loss = -30.944973
[DEBUG] 2015-07-18 23:35:20,376 -- BPMF iter 149: loss = 5193.651, delta_loss = -62.86087
[DEBUG] 2015-07-18 23:35:20,670 -- BPMF iter 150: loss = 5116.2114, delta_loss = 77.4394
[DEBUG] 2015-07-18 23:35:20,975 -- BPMF iter 151: loss = 5073.8833, delta_loss = 42.328262
[DEBUG] 2015-07-18 23:35:21,269 -- BPMF iter 152: loss = 5140.3247, delta_loss = -66.44116
[DEBUG] 2015-07-18 23:35:21,586 -- BPMF iter 153: loss = 5085.1396, delta_loss = 55.184715
[DEBUG] 2015-07-18 23:35:21,893 -- BPMF iter 154: loss = 5097.0073, delta_loss = -11.86728
[DEBUG] 2015-07-18 23:35:22,223 -- BPMF iter 155: loss = 5124.187, delta_loss = -27.18008
[DEBUG] 2015-07-18 23:35:22,512 -- BPMF iter 156: loss = 5086.448, delta_loss = 37.738853
[DEBUG] 2015-07-18 23:35:22,794 -- BPMF iter 157: loss = 5070.3604, delta_loss = 16.0879
[DEBUG] 2015-07-18 23:35:23,090 -- BPMF iter 158: loss = 5183.0845, delta_loss = -112.723854
[DEBUG] 2015-07-18 23:35:23,376 -- BPMF iter 159: loss = 5069.5015, delta_loss = 113.58263
[DEBUG] 2015-07-18 23:35:23,660 -- BPMF iter 160: loss = 5096.7285, delta_loss = -27.226706
[DEBUG] 2015-07-18 23:35:23,940 -- BPMF iter 161: loss = 5069.512, delta_loss = 27.215918
[DEBUG] 2015-07-18 23:35:24,215 -- BPMF iter 162: loss = 5076.7524, delta_loss = -7.239761
[DEBUG] 2015-07-18 23:35:24,515 -- BPMF iter 163: loss = 5114.0386, delta_loss = -37.286407
[DEBUG] 2015-07-18 23:35:24,807 -- BPMF iter 164: loss = 5128.6787, delta_loss = -14.64031
[DEBUG] 2015-07-18 23:35:25,124 -- BPMF iter 165: loss = 5109.4634, delta_loss = 19.215305
[DEBUG] 2015-07-18 23:35:25,398 -- BPMF iter 166: loss = 5011.5474, delta_loss = 97.91645
[DEBUG] 2015-07-18 23:35:25,677 -- BPMF iter 167: loss = 5059.11, delta_loss = -47.56292
[DEBUG] 2015-07-18 23:35:25,954 -- BPMF iter 168: loss = 5045.7124, delta_loss = 13.397886
[DEBUG] 2015-07-18 23:35:26,222 -- BPMF iter 169: loss = 5057.3486, delta_loss = -11.636406
[DEBUG] 2015-07-18 23:35:26,492 -- BPMF iter 170: loss = 5129.818, delta_loss = -72.46904
[DEBUG] 2015-07-18 23:35:26,768 -- BPMF iter 171: loss = 5068.009, delta_loss = 61.8088
[DEBUG] 2015-07-18 23:35:27,045 -- BPMF iter 172: loss = 5101.192, delta_loss = -33.18309
[DEBUG] 2015-07-18 23:35:27,315 -- BPMF iter 173: loss = 5126.507, delta_loss = -25.314991
[DEBUG] 2015-07-18 23:35:27,610 -- BPMF iter 174: loss = 5161.699, delta_loss = -35.19223
[DEBUG] 2015-07-18 23:35:27,893 -- BPMF iter 175: loss = 5136.2554, delta_loss = 25.443743
[DEBUG] 2015-07-18 23:35:28,165 -- BPMF iter 176: loss = 5102.292, delta_loss = 33.963627
[DEBUG] 2015-07-18 23:35:28,436 -- BPMF iter 177: loss = 5058.8174, delta_loss = 43.474243
[DEBUG] 2015-07-18 23:35:28,697 -- BPMF iter 178: loss = 5133.76, delta_loss = -74.94225
[DEBUG] 2015-07-18 23:35:28,980 -- BPMF iter 179: loss = 5186.4873, delta_loss = -52.727375
[DEBUG] 2015-07-18 23:35:29,245 -- BPMF iter 180: loss = 5185.083, delta_loss = 1.4041014
[DEBUG] 2015-07-18 23:35:29,524 -- BPMF iter 181: loss = 5143.6396, delta_loss = 41.443607
[DEBUG] 2015-07-18 23:35:29,795 -- BPMF iter 182: loss = 5100.4116, delta_loss = 43.227856
[DEBUG] 2015-07-18 23:35:30,072 -- BPMF iter 183: loss = 5135.2856, delta_loss = -34.874237
[DEBUG] 2015-07-18 23:35:30,348 -- BPMF iter 184: loss = 5127.323, delta_loss = 7.9628367
[DEBUG] 2015-07-18 23:35:30,644 -- BPMF iter 185: loss = 5177.549, delta_loss = -50.22573
[DEBUG] 2015-07-18 23:35:30,940 -- BPMF iter 186: loss = 5133.358, delta_loss = 44.191048
[DEBUG] 2015-07-18 23:35:31,214 -- BPMF iter 187: loss = 4995.729, delta_loss = 137.62851
[DEBUG] 2015-07-18 23:35:31,545 -- BPMF iter 188: loss = 5091.404, delta_loss = -95.67468
[DEBUG] 2015-07-18 23:35:31,862 -- BPMF iter 189: loss = 5055.6333, delta_loss = 35.770397
[DEBUG] 2015-07-18 23:35:32,154 -- BPMF iter 190: loss = 5201.7773, delta_loss = -146.14404
[DEBUG] 2015-07-18 23:35:32,449 -- BPMF iter 191: loss = 5162.186, delta_loss = 39.591503
[DEBUG] 2015-07-18 23:35:32,733 -- BPMF iter 192: loss = 5134.848, delta_loss = 27.337622
[DEBUG] 2015-07-18 23:35:33,042 -- BPMF iter 193: loss = 5097.785, delta_loss = 37.06338
[DEBUG] 2015-07-18 23:35:33,327 -- BPMF iter 194: loss = 5049.3467, delta_loss = 48.438232
[DEBUG] 2015-07-18 23:35:33,765 -- BPMF iter 195: loss = 5078.5825, delta_loss = -29.235668
[DEBUG] 2015-07-18 23:35:34,142 -- BPMF iter 196: loss = 5117.83, delta_loss = -39.24759
[DEBUG] 2015-07-18 23:35:34,515 -- BPMF iter 197: loss = 5074.6626, delta_loss = 43.167538
[DEBUG] 2015-07-18 23:35:34,836 -- BPMF iter 198: loss = 5196.396, delta_loss = -121.73365
[DEBUG] 2015-07-18 23:35:35,158 -- BPMF iter 199: loss = 5157.7046, delta_loss = 38.69157
[DEBUG] 2015-07-18 23:35:35,451 -- BPMF iter 200: loss = 5110.5273, delta_loss = 47.177372
[DEBUG] 2015-07-18 23:35:35,452 -- BPMF evaluate test data ... 
[INFO ] 2015-07-18 23:35:35,471 -- BPMF,1.189717,1.601079,0.297429,1.177020,1.624763,0.681508,,5, 200,'01:11','00:00'

